Oct-22 23:42:00.049 [main] DEBUG nextflow.cli.Launcher - $> nextflow run code/spletter_nextflow.nf -with-conda
Oct-22 23:42:00.157 [main] DEBUG nextflow.cli.CmdRun - N E X T F L O W  ~  version 24.04.4
Oct-22 23:42:00.183 [main] DEBUG nextflow.plugin.PluginsFacade - Setting up plugin manager > mode=prod; embedded=false; plugins-dir=/home/drinnan/.nextflow/plugins; core-plugins: nf-amazon@2.5.3,nf-azure@1.6.1,nf-cloudcache@0.4.1,nf-codecommit@0.2.1,nf-console@1.1.3,nf-ga4gh@1.3.0,nf-google@1.13.2-patch1,nf-tower@1.9.1,nf-wave@1.4.2-patch1
Oct-22 23:42:00.201 [main] INFO  o.pf4j.DefaultPluginStatusProvider - Enabled plugins: []
Oct-22 23:42:00.202 [main] INFO  o.pf4j.DefaultPluginStatusProvider - Disabled plugins: []
Oct-22 23:42:00.205 [main] INFO  org.pf4j.DefaultPluginManager - PF4J version 3.12.0 in 'deployment' mode
Oct-22 23:42:00.222 [main] INFO  org.pf4j.AbstractPluginManager - No plugins
Oct-22 23:42:00.300 [main] DEBUG nextflow.cli.CmdRun - Applied DSL=2 from script declaration
Oct-22 23:42:00.317 [main] DEBUG nextflow.cli.CmdRun - Launching `code/spletter_nextflow.nf` [irreverent_plateau] DSL2 - revision: 0464823e23
Oct-22 23:42:00.318 [main] DEBUG nextflow.plugin.PluginsFacade - Plugins default=[]
Oct-22 23:42:00.319 [main] DEBUG nextflow.plugin.PluginsFacade - Plugins resolved requirement=[]
Oct-22 23:42:00.405 [main] DEBUG nextflow.Session - Session UUID: 3005a99a-0c7a-442a-b682-c7d4bc049109
Oct-22 23:42:00.405 [main] DEBUG nextflow.Session - Run name: irreverent_plateau
Oct-22 23:42:00.406 [main] DEBUG nextflow.Session - Executor pool size: 20
Oct-22 23:42:00.415 [main] DEBUG nextflow.file.FilePorter - File porter settings maxRetries=3; maxTransfers=50; pollTimeout=null
Oct-22 23:42:00.445 [main] DEBUG nextflow.cli.CmdRun - 
  Version: 24.04.4 build 5917
  Created: 01-08-2024 07:05 UTC (02:05 CDT)
  System: Linux 6.2.6-76060206-generic
  Runtime: Groovy 4.0.21 on OpenJDK 64-Bit Server VM 21.0.2+13-Ubuntu-122.04.1
  Encoding: UTF-8 (UTF-8)
  Process: 33089@pop-os [127.0.1.1]
  CPUs: 20 - Mem: 31 GB (2.6 GB) - Swap: 20 GB (20 GB) - Virtual threads ON
Oct-22 23:42:00.469 [main] DEBUG nextflow.Session - Work-dir: /home/drinnan/projects/spletter_lrRNA/work [ext2/ext3]
Oct-22 23:42:00.469 [main] DEBUG nextflow.Session - Script base path does not exist or is not a directory: /home/drinnan/projects/spletter_lrRNA/code/bin
Oct-22 23:42:00.481 [main] DEBUG nextflow.executor.ExecutorFactory - Extension executors providers=[]
Oct-22 23:42:00.491 [main] DEBUG nextflow.Session - Observer factory: DefaultObserverFactory
Oct-22 23:42:00.520 [main] DEBUG nextflow.cache.CacheFactory - Using Nextflow cache factory: nextflow.cache.DefaultCacheFactory
Oct-22 23:42:00.528 [main] DEBUG nextflow.util.CustomPoolFactory - Creating virtual thread pool
Oct-22 23:42:00.635 [main] DEBUG nextflow.Session - Session start
Oct-22 23:42:01.585 [main] DEBUG nextflow.script.ScriptRunner - > Launching execution
Oct-22 23:42:01.599 [main] DEBUG n.secret.LocalSecretsProvider - Secrets store: /home/drinnan/.nextflow/secrets/store.json
Oct-22 23:42:01.609 [main] DEBUG nextflow.secret.SecretsLoader - Discovered secrets providers: [nextflow.secret.LocalSecretsProvider@1c046c92] - activable => nextflow.secret.LocalSecretsProvider@1c046c92
Oct-22 23:42:01.793 [main] DEBUG nextflow.executor.ExecutorFactory - << taskConfig executor: null
Oct-22 23:42:01.793 [main] DEBUG nextflow.executor.ExecutorFactory - >> processorType: 'local'
Oct-22 23:42:01.801 [main] DEBUG nextflow.executor.Executor - [warm up] executor > local
Oct-22 23:42:01.808 [main] DEBUG n.processor.LocalPollingMonitor - Creating local task monitor for executor 'local' > cpus=20; memory=31 GB; capacity=20; pollInterval=100ms; dumpInterval=5m
Oct-22 23:42:01.810 [main] DEBUG n.processor.TaskPollingMonitor - >>> barrier register (monitor: local)
Oct-22 23:42:01.882 [main] DEBUG nextflow.Session - Workflow process names [dsl2]: bam_index, kraken2, kraken_uniq, qualimap, unmapped_read_extraction, NanoPlot
Oct-22 23:42:01.883 [main] DEBUG nextflow.Session - Igniting dataflow network (2)
Oct-22 23:42:01.889 [main] DEBUG nextflow.processor.TaskProcessor - Starting process > NanoPlot
Oct-22 23:42:01.890 [main] DEBUG nextflow.script.ScriptRunner - Parsed script files:
  Script_b1b2bbb3b08364c8: /home/drinnan/projects/spletter_lrRNA/code/spletter_nextflow.nf
Oct-22 23:42:01.890 [main] DEBUG nextflow.script.ScriptRunner - > Awaiting termination 
Oct-22 23:42:01.890 [main] DEBUG nextflow.Session - Session await
Oct-22 23:42:01.991 [Actor Thread 8] DEBUG nextflow.conda.CondaCache - conda found local env for environment=/home/drinnan/miniconda3/envs/spletter; path=/home/drinnan/miniconda3/envs/spletter
Oct-22 23:42:02.071 [Task submitter] DEBUG n.executor.local.LocalTaskHandler - Launch cmd line: /bin/bash -ue .command.run
Oct-22 23:42:02.075 [Task submitter] INFO  nextflow.Session - [d9/01aff9] Submitted process > NanoPlot (downsampled_10000)
Oct-22 23:42:08.225 [Task monitor] DEBUG n.processor.TaskPollingMonitor - Task completed > TaskHandler[id: 1; name: NanoPlot (downsampled_10000); status: COMPLETED; exit: 0; error: -; workDir: /home/drinnan/projects/spletter_lrRNA/work/d9/01aff981d606650664b95595c51074]
Oct-22 23:42:08.291 [main] DEBUG nextflow.Session - Session await > all processes finished
Oct-22 23:42:08.318 [Task monitor] DEBUG n.processor.TaskPollingMonitor - <<< barrier arrives (monitor: local) - terminating tasks monitor poll loop
Oct-22 23:42:08.319 [main] DEBUG nextflow.Session - Session await > all barriers passed
Oct-22 23:42:08.322 [main] DEBUG nextflow.util.ThreadPoolManager - Thread pool 'TaskFinalizer' shutdown completed (hard=false)
Oct-22 23:42:08.322 [main] DEBUG nextflow.util.ThreadPoolManager - Thread pool 'PublishDir' shutdown completed (hard=false)
Oct-22 23:42:08.329 [main] DEBUG n.trace.WorkflowStatsObserver - Workflow completed > WorkflowStats[succeededCount=1; failedCount=0; ignoredCount=0; cachedCount=0; pendingCount=0; submittedCount=0; runningCount=0; retriesCount=0; abortedCount=0; succeedDuration=6.1s; failedDuration=0ms; cachedDuration=0ms;loadCpus=0; loadMemory=0; peakRunning=1; peakCpus=1; peakMemory=0; ]
Oct-22 23:42:08.488 [main] DEBUG nextflow.cache.CacheDB - Closing CacheDB done
Oct-22 23:42:08.502 [main] DEBUG nextflow.util.ThreadPoolManager - Thread pool 'FileTransfer' shutdown completed (hard=false)
Oct-22 23:42:08.503 [main] DEBUG nextflow.script.ScriptRunner - > Execution complete -- Goodbye
